<?xml version="1.0" encoding="UTF-8"?>
<testsuite name="FlashcardsTest" tests="1" skipped="0" failures="0" errors="0" timestamp="2020-03-02T06:16:19" hostname="GopherPC" time="0.093">
  <properties/>
  <testcase name="start" classname="FlashcardsTest" time="0.093"/>
  <system-out><![CDATA[?[1;31m
Start test 1?[0m
Card:
purchase
Definition:
buy
]]></system-out>
  <system-err><![CDATA[]]></system-err>
</testsuite>
